<?xml version="1.0" encoding="UTF-8"?>
<testng-results ignored="0" total="1" passed="1" failed="0" skipped="0">
  <reporter-output>
  </reporter-output>
  <suite started-at="2024-03-18T21:38:24 GMT+07:00" name="Default suite" finished-at="2024-03-18T21:38:31 GMT+07:00" duration-ms="7272">
    <groups>
    </groups>
    <test started-at="2024-03-18T21:38:24 GMT+07:00" name="Default test" finished-at="2024-03-18T21:38:31 GMT+07:00" duration-ms="7272">
      <class name="test.ModalDialogsTest">
        <test-method is-config="true" signature="openBrowser()[pri:0, instance:test.ModalDialogsTest@bae7dc0]" started-at="2024-03-18T21:38:24 GMT+07:00" name="openBrowser" finished-at="2024-03-18T21:38:30 GMT+07:00" duration-ms="6811" status="PASS">
          <reporter-output>
          </reporter-output>
        </test-method> <!-- openBrowser -->
        <test-method signature="verifyDisplayModal1()[pri:0, instance:test.ModalDialogsTest@bae7dc0]" started-at="2024-03-18T21:38:30 GMT+07:00" name="verifyDisplayModal1" finished-at="2024-03-18T21:38:31 GMT+07:00" duration-ms="430" status="PASS">
          <reporter-output>
          </reporter-output>
        </test-method> <!-- verifyDisplayModal1 -->
      </class> <!-- test.ModalDialogsTest -->
    </test> <!-- Default test -->
  </suite> <!-- Default suite -->
</testng-results>
