<?xml version="1.0" encoding="UTF-8"?>
<testng-results ignored="0" total="1" passed="1" failed="0" skipped="0">
  <reporter-output>
  </reporter-output>
  <suite started-at="2024-02-05T21:50:24 GMT+07:00" name="Default suite" finished-at="2024-02-05T21:50:40 GMT+07:00" duration-ms="16598">
    <groups>
    </groups>
    <test started-at="2024-02-05T21:50:24 GMT+07:00" name="Default test" finished-at="2024-02-05T21:50:40 GMT+07:00" duration-ms="16598">
      <class name="test.WebTableTest">
        <test-method is-config="true" signature="openBrowser()[pri:0, instance:test.WebTableTest@4d0f2471]" started-at="2024-02-05T21:50:24 GMT+07:00" name="openBrowser" finished-at="2024-02-05T21:50:38 GMT+07:00" duration-ms="14146" status="PASS">
          <reporter-output>
          </reporter-output>
        </test-method> <!-- openBrowser -->
        <test-method signature="registerNewAccountSuccessfully()[pri:0, instance:test.WebTableTest@4d0f2471]" started-at="2024-02-05T21:50:38 GMT+07:00" name="registerNewAccountSuccessfully" finished-at="2024-02-05T21:50:40 GMT+07:00" duration-ms="2404" status="PASS">
          <reporter-output>
          </reporter-output>
        </test-method> <!-- registerNewAccountSuccessfully -->
      </class> <!-- test.WebTableTest -->
    </test> <!-- Default test -->
  </suite> <!-- Default suite -->
</testng-results>
