<?xml version="1.0" encoding="UTF-8"?>
<!-- Generated by org.testng.reporters.JUnitXMLReporter -->
<testsuite ignored="0" hostname="Admin-PC" failures="2" tests="2" name="SampleTestNG" time="0.095" errors="0" timestamp="2024-05-05T21:20:36 GMT+07:00">
  <testcase classname="test.CheckBoxTest" name="verifyCheckBoxCorrectly" time="0.017">
    <failure type="java.lang.NullPointerException" message="Cannot invoke &amp;quot;org.openqa.selenium.JavascriptExecutor.executeScript(String, Object[])&amp;quot; because &amp;quot;js&amp;quot; is null">
      <![CDATA[java.lang.NullPointerException: Cannot invoke "org.openqa.selenium.JavascriptExecutor.executeScript(String, Object[])" because "js" is null
at common.TestBase.scrollToEndPage(TestBase.java:37)
at test.CheckBoxTest.verifyCheckBoxCorrectly(CheckBoxTest.java:18)
at java.base/java.util.ArrayList.forEach(ArrayList.java:1511)
... Removed 27 stack frames]]>
    </failure>
  </testcase> <!-- verifyCheckBoxCorrectly -->
  <testcase classname="test.TextBoxTest" name="SubmitSuccessfully" time="0.003">
    <failure type="java.lang.NullPointerException" message="Cannot invoke &amp;quot;org.openqa.selenium.JavascriptExecutor.executeScript(String, Object[])&amp;quot; because &amp;quot;js&amp;quot; is null">
      <![CDATA[java.lang.NullPointerException: Cannot invoke "org.openqa.selenium.JavascriptExecutor.executeScript(String, Object[])" because "js" is null
at common.TestBase.scrollToEndPage(TestBase.java:37)
at test.TextBoxTest.SubmitSuccessfully(TextBoxTest.java:27)
at java.base/java.util.ArrayList.forEach(ArrayList.java:1511)
... Removed 27 stack frames]]>
    </failure>
  </testcase> <!-- SubmitSuccessfully -->
</testsuite> <!-- SampleTestNG -->
